1663675870.250033 client started (14721): version 2.6, socket /tmp/tmux-0/default, protocol 8
1663675870.250078 on Linux 4.15.0-112-generic #113-Ubuntu SMP Thu Jul 9 23:41:39 UTC 2020; libevent 2.1.8-stable (poll)
1663675870.250113 socket is /tmp/tmux-0/default
1663675870.250130 trying connect
1663675870.250245 add peer 0x55784ea65370: 6 ((nil))
1663675870.250340 sending message 100 to peer 0x55784ea65370 (4 bytes)
1663675870.250352 sending message 101 to peer 0x55784ea65370 (6 bytes)
1663675870.250362 sending message 102 to peer 0x55784ea65370 (12 bytes)
1663675870.250372 sending message 108 to peer 0x55784ea65370 (49 bytes)
1663675870.250383 sending message 104 to peer 0x55784ea65370 (0 bytes)
1663675870.250394 sending message 107 to peer 0x55784ea65370 (4 bytes)
1663675870.250404 sending message 105 to peer 0x55784ea65370 (23 bytes)
1663675870.250413 sending message 105 to peer 0x55784ea65370 (35 bytes)
1663675870.250423 sending message 105 to peer 0x55784ea65370 (15 bytes)
1663675870.250432 sending message 105 to peer 0x55784ea65370 (23 bytes)
1663675870.250442 sending message 105 to peer 0x55784ea65370 (1516 bytes)
1663675870.250467 sending message 105 to peer 0x55784ea65370 (125 bytes)
1663675870.250477 sending message 105 to peer 0x55784ea65370 (49 bytes)
1663675870.250486 sending message 105 to peer 0x55784ea65370 (34 bytes)
1663675870.250496 sending message 105 to peer 0x55784ea65370 (29 bytes)
1663675870.250505 sending message 105 to peer 0x55784ea65370 (28 bytes)
1663675870.250515 sending message 105 to peer 0x55784ea65370 (15 bytes)
1663675870.250524 sending message 105 to peer 0x55784ea65370 (24 bytes)
1663675870.250534 sending message 105 to peer 0x55784ea65370 (14 bytes)
1663675870.250543 sending message 105 to peer 0x55784ea65370 (21 bytes)
1663675870.250552 sending message 105 to peer 0x55784ea65370 (23 bytes)
1663675870.250561 sending message 105 to peer 0x55784ea65370 (25 bytes)
1663675870.250571 sending message 105 to peer 0x55784ea65370 (35 bytes)
1663675870.250580 sending message 105 to peer 0x55784ea65370 (22 bytes)
1663675870.250590 sending message 105 to peer 0x55784ea65370 (10 bytes)
1663675870.250599 sending message 105 to peer 0x55784ea65370 (19 bytes)
1663675870.250608 sending message 105 to peer 0x55784ea65370 (25 bytes)
1663675870.250618 sending message 105 to peer 0x55784ea65370 (30 bytes)
1663675870.250627 sending message 105 to peer 0x55784ea65370 (38 bytes)
1663675870.250637 sending message 105 to peer 0x55784ea65370 (19 bytes)
1663675870.250646 sending message 105 to peer 0x55784ea65370 (24 bytes)
1663675870.250656 sending message 105 to peer 0x55784ea65370 (53 bytes)
1663675870.250665 sending message 105 to peer 0x55784ea65370 (20 bytes)
1663675870.250674 sending message 105 to peer 0x55784ea65370 (11 bytes)
1663675870.250683 sending message 105 to peer 0x55784ea65370 (25 bytes)
1663675870.250693 sending message 105 to peer 0x55784ea65370 (34 bytes)
1663675870.250703 sending message 105 to peer 0x55784ea65370 (20 bytes)
1663675870.250712 sending message 105 to peer 0x55784ea65370 (18 bytes)
1663675870.250721 sending message 105 to peer 0x55784ea65370 (32 bytes)
1663675870.250731 sending message 105 to peer 0x55784ea65370 (22 bytes)
1663675870.250741 sending message 105 to peer 0x55784ea65370 (26 bytes)
1663675870.250750 sending message 105 to peer 0x55784ea65370 (42 bytes)
1663675870.250760 sending message 105 to peer 0x55784ea65370 (20 bytes)
1663675870.250769 sending message 105 to peer 0x55784ea65370 (18 bytes)
1663675870.250778 sending message 105 to peer 0x55784ea65370 (25 bytes)
1663675870.250788 sending message 105 to peer 0x55784ea65370 (20 bytes)
1663675870.250797 sending message 105 to peer 0x55784ea65370 (11 bytes)
1663675870.250806 sending message 105 to peer 0x55784ea65370 (16 bytes)
1663675870.250815 sending message 105 to peer 0x55784ea65370 (25 bytes)
1663675870.250825 sending message 105 to peer 0x55784ea65370 (24 bytes)
1663675870.250834 sending message 105 to peer 0x55784ea65370 (49 bytes)
1663675870.250843 sending message 105 to peer 0x55784ea65370 (23 bytes)
1663675870.250853 sending message 105 to peer 0x55784ea65370 (21 bytes)
1663675870.250871 sending message 105 to peer 0x55784ea65370 (28 bytes)
1663675870.250880 sending message 105 to peer 0x55784ea65370 (49 bytes)
1663675870.250891 sending message 105 to peer 0x55784ea65370 (8 bytes)
1663675870.250900 sending message 105 to peer 0x55784ea65370 (30 bytes)
1663675870.250910 sending message 105 to peer 0x55784ea65370 (22 bytes)
1663675870.250923 sending message 105 to peer 0x55784ea65370 (21 bytes)
1663675870.250932 sending message 105 to peer 0x55784ea65370 (19 bytes)
1663675870.250941 sending message 105 to peer 0x55784ea65370 (13 bytes)
1663675870.250951 sending message 105 to peer 0x55784ea65370 (25 bytes)
1663675870.250960 sending message 105 to peer 0x55784ea65370 (23 bytes)
1663675870.250969 sending message 105 to peer 0x55784ea65370 (256 bytes)
1663675870.250979 sending message 105 to peer 0x55784ea65370 (27 bytes)
1663675870.250988 sending message 105 to peer 0x55784ea65370 (58 bytes)
1663675870.250997 sending message 105 to peer 0x55784ea65370 (25 bytes)
1663675870.251006 sending message 105 to peer 0x55784ea65370 (41 bytes)
1663675870.251016 sending message 105 to peer 0x55784ea65370 (32 bytes)
1663675870.251025 sending message 105 to peer 0x55784ea65370 (16 bytes)
1663675870.251034 sending message 105 to peer 0x55784ea65370 (41 bytes)
1663675870.251043 sending message 105 to peer 0x55784ea65370 (16 bytes)
1663675870.251052 sending message 106 to peer 0x55784ea65370 (0 bytes)
1663675870.251062 sending message 200 to peer 0x55784ea65370 (4 bytes)
1663675870.251070 client loop enter
1663675870.257780 peer 0x55784ea65370 message 207
1663675870.257807 sending message 208 to peer 0x55784ea65370 (0 bytes)
1663675885.796377 peer 0x55784ea65370 message 201
1663675885.796416 sending message 205 to peer 0x55784ea65370 (0 bytes)
1663675885.797562 peer 0x55784ea65370 message 204
1663675885.797586 client loop exit
